2020-04-22 14:04:821 INFO  BrowserSelector :19 - Launching Chrome Browser
2020-04-22 14:04:167 INFO  HomePage :24 -  Click on login or register link Proxy element for: DefaultElementLocator 'By.xpath: //span[@class='icon-fallback']'
2020-04-22 14:04:413 INFO  LoginPage :20 -  Verify text: Welcome Guest! is displayed [[ChromeDriver: chrome on WINDOWS (6f8d7416f8ae0b0ab97335497758e17d)] -> xpath: //li[@class='navbar-text myprofile_salutation']]
2020-04-22 14:04:215 INFO  BrowserSelector :19 - Launching Chrome Browser
2020-04-22 14:04:04 INFO  HomePage :31 -  Click on service button [[ChromeDriver: chrome on WINDOWS (86f0bdcf6e390b3eecb56b1923ce59e6)] -> xpath: //span[@class='button__text'][contains(text(),'Services')]]
2020-04-22 14:04:956 INFO  BrowserSelector :19 - Launching Chrome Browser
2020-04-22 14:04:892 INFO  HomePage :24 -  Click on login or register link Proxy element for: DefaultElementLocator 'By.xpath: //span[@class='icon-fallback']'
2020-04-22 14:04:156 INFO  LoginPage :20 -  Verify text: Welcome Guest! is displayed [[ChromeDriver: chrome on WINDOWS (9ef3f70851a29d9e3f9062f87669bd42)] -> xpath: //li[@class='navbar-text myprofile_salutation']]
2020-04-22 14:04:730 INFO  BrowserSelector :19 - Launching Chrome Browser
2020-04-22 14:04:278 INFO  HomePage :31 -  Click on service button [[ChromeDriver: chrome on WINDOWS (669d4540eca23d2e49ab9b21a718ab9a)] -> xpath: //span[@class='button__text'][contains(text(),'Services')]]
2020-04-22 14:04:532 INFO  BrowserSelector :19 - Launching Chrome Browser
2020-04-22 14:04:961 INFO  HomePage :37 -  Is service button displayed [[ChromeDriver: chrome on WINDOWS (ddece851856ec283b7221a842e71e356)] -> xpath: //span[@class='button__text'][contains(text(),'Services')]]
2020-04-22 14:04:716 INFO  BrowserSelector :19 - Launching Chrome Browser
2020-04-22 14:04:07 INFO  HomePage :24 -  Click on login or register link Proxy element for: DefaultElementLocator 'By.xpath: //span[@class='icon-fallback']'
2020-04-22 14:04:256 INFO  LoginPage :20 -  Verify text: Welcome Guest! is displayed [[ChromeDriver: chrome on WINDOWS (dd2529d0ae647286975ffc0cc105117f)] -> xpath: //li[@class='navbar-text myprofile_salutation']]
2020-04-22 14:04:452 INFO  BrowserSelector :19 - Launching Chrome Browser
2020-04-22 14:04:524 INFO  HomePage :24 -  Click on login or register link Proxy element for: DefaultElementLocator 'By.xpath: //span[@class='icon-fallback']'
2020-04-22 14:04:771 INFO  LoginPage :20 -  Verify text: Welcome Guest! is displayed [[ChromeDriver: chrome on WINDOWS (bf13b2e2e66effc197986d221ffdb914)] -> xpath: //li[@class='navbar-text myprofile_salutation']]
2020-04-22 14:04:634 INFO  BrowserSelector :19 - Launching Chrome Browser
2020-04-22 14:04:393 INFO  HomePage :31 -  Click on service button [[ChromeDriver: chrome on WINDOWS (a9c38c731472eaef3afdd431acac24b6)] -> xpath: //span[@class='button__text'][contains(text(),'Services')]]
2020-04-22 14:04:656 INFO  BrowserSelector :19 - Launching Chrome Browser
2020-04-22 14:04:829 INFO  HomePage :37 -  Is service button displayed [[ChromeDriver: chrome on WINDOWS (7b3ea6511be68767c3426413ed894c0b)] -> xpath: //span[@class='button__text'][contains(text(),'Services')]]
2020-04-22 14:04:754 INFO  BrowserSelector :19 - Launching Chrome Browser
2020-04-22 14:04:995 INFO  HomePage :24 -  Click on login or register link Proxy element for: DefaultElementLocator 'By.xpath: //span[@class='icon-fallback']'
2020-04-22 14:04:173 INFO  LoginPage :20 -  Verify text: Welcome Guest! is displayed [[ChromeDriver: chrome on WINDOWS (6f474e2f9b93bb610aa26fd84a773584)] -> xpath: //li[@class='navbar-text myprofile_salutation']]
2020-04-22 14:04:912 INFO  BrowserSelector :19 - Launching Chrome Browser
2020-04-22 14:04:142 INFO  HomePage :31 -  Click on service button [[ChromeDriver: chrome on WINDOWS (8e4c5727b022cf8ea2ba37c026be98ba)] -> xpath: //span[@class='button__text'][contains(text(),'Services')]]
2020-04-22 14:04:974 INFO  BrowserSelector :19 - Launching Chrome Browser
2020-04-22 14:04:20 INFO  HomePage :37 -  Is service button displayed [[ChromeDriver: chrome on WINDOWS (442999269d004f7f1d0b986503e70e23)] -> xpath: //span[@class='button__text'][contains(text(),'Services')]]
